<?xml version="1.0" encoding="UTF-8"?>
<testng-results ignored="0" total="1" passed="1" failed="0" skipped="0">
  <reporter-output>
  </reporter-output>
  <suite started-at="2022-07-19T19:31:07 PDT" name="Default suite" finished-at="2022-07-19T19:31:17 PDT" duration-ms="9888">
    <groups>
    </groups>
    <test started-at="2022-07-19T19:31:07 PDT" name="Default test" finished-at="2022-07-19T19:31:17 PDT" duration-ms="9888">
      <class name="com.mystore.testcases.HomePageTest">
        <test-method is-config="true" signature="loadConfig()[pri:0, instance:com.mystore.testcases.HomePageTest@293a5bf6]" started-at="2022-07-19T19:31:07 PDT" name="loadConfig" finished-at="2022-07-19T19:31:07 PDT" duration-ms="11" status="PASS">
          <reporter-output>
          </reporter-output>
        </test-method> <!-- loadConfig -->
        <test-method is-config="true" signature="setup()[pri:0, instance:com.mystore.testcases.HomePageTest@293a5bf6]" started-at="2022-07-19T19:31:07 PDT" name="setup" finished-at="2022-07-19T19:31:12 PDT" duration-ms="4923" status="PASS">
          <reporter-output>
          </reporter-output>
        </test-method> <!-- setup -->
        <test-method signature="wishListTest()[pri:0, instance:com.mystore.testcases.HomePageTest@293a5bf6]" started-at="2022-07-19T19:31:12 PDT" name="wishListTest" finished-at="2022-07-19T19:31:16 PDT" duration-ms="4175" status="PASS">
          <reporter-output>
          </reporter-output>
        </test-method> <!-- wishListTest -->
        <test-method is-config="true" signature="tearDown()[pri:0, instance:com.mystore.testcases.HomePageTest@293a5bf6]" started-at="2022-07-19T19:31:16 PDT" name="tearDown" finished-at="2022-07-19T19:31:17 PDT" duration-ms="731" status="PASS">
          <reporter-output>
          </reporter-output>
        </test-method> <!-- tearDown -->
      </class> <!-- com.mystore.testcases.HomePageTest -->
    </test> <!-- Default test -->
  </suite> <!-- Default suite -->
</testng-results>
